<?xml version="1.0" encoding="UTF-8"?>
<testng-results ignored="0" total="2" passed="2" failed="0" skipped="0">
  <reporter-output>
  </reporter-output>
  <suite started-at="2024-06-05T10:53:27 IST" name="Suite" finished-at="2024-06-05T10:53:54 IST" duration-ms="26711">
    <groups>
    </groups>
    <test started-at="2024-06-05T10:53:27 IST" name="CHROMETEST" finished-at="2024-06-05T10:53:47 IST" duration-ms="19800">
      <class name="com.ui.examples.parallelbrowserexecution">
        <test-method signature="paralle(java.lang.String)[pri:0, instance:com.ui.examples.parallelbrowserexecution@3646a422]" started-at="2024-06-05T10:53:28 IST" name="paralle" finished-at="2024-06-05T10:53:47 IST" duration-ms="19749" status="PASS">
          <params>
            <param index="0">
              <value>
                <![CDATA[CHROME]]>
              </value>
            </param>
          </params>
          <reporter-output>
          </reporter-output>
        </test-method> <!-- paralle -->
      </class> <!-- com.ui.examples.parallelbrowserexecution -->
    </test> <!-- CHROMETEST -->
    <test started-at="2024-06-05T10:53:27 IST" name="EDGETEST" finished-at="2024-06-05T10:53:54 IST" duration-ms="26711">
      <class name="com.ui.examples.parallelbrowserexecution">
        <test-method signature="paralle(java.lang.String)[pri:0, instance:com.ui.examples.parallelbrowserexecution@48bb62]" started-at="2024-06-05T10:53:28 IST" name="paralle" finished-at="2024-06-05T10:53:54 IST" duration-ms="26664" status="PASS">
          <params>
            <param index="0">
              <value>
                <![CDATA[EDGE]]>
              </value>
            </param>
          </params>
          <reporter-output>
          </reporter-output>
        </test-method> <!-- paralle -->
      </class> <!-- com.ui.examples.parallelbrowserexecution -->
    </test> <!-- EDGETEST -->
  </suite> <!-- Suite -->
</testng-results>
