<?xml version="1.0" encoding="UTF-8"?>
<testsuite name="TestMultipleClasses"
           tests="2"
           failures="0"
           errors="0"
           skipped="0"
           time="0.001">
    <properties></properties>



            <testcase
                name="Test2"
                time="0.001"
                classname="conditions">
            </testcase>
            <testcase
                name="Test1"
                time="0.000"
                classname="conditions">
            </testcase>
</testsuite>
