<?xml version="1.0" encoding="UTF-8"?>
<testsuite name="TestThreading"
           tests="2"
           failures="0"
           errors="0"
           skipped="0"
           time="10.517">
    <properties></properties>



            <testcase
                name="test1"
                time="6.414"
                classname="Threading">
            </testcase>
            <testcase
                name="test2"
                time="4.103"
                classname="Threading">
            </testcase>
</testsuite>
